Android/launcher/build/intermediates/manifest_merge_blame_file/debug/manifest-merger-blame-debug-report.txt
1<?xml version="1.0" encoding="utf-8"?>
2<!-- GENERATED BY UNITY. REMOVE THIS COMMENT TO PREVENT OVERWRITING WHEN EXPORTING AGAIN -->
3<manifest xmlns:android="http://schemas.android.com/apk/res/android"
4    package="com.DefaultCompany.PNUnity5Plugin"
5    android:installLocation="preferExternal"
6    android:versionCode="1"
7    android:versionName="1.0" >
8
9    <uses-sdk
10        android:minSdkVersion="19"
10-->src/main/AndroidManifest.xml
11        android:targetSdkVersion="30" />
11-->src/main/AndroidManifest.xml
12
13    <supports-screens
13-->src/main/AndroidManifest.xml:4:3-163
14        android:anyDensity="true"
14-->src/main/AndroidManifest.xml:4:135-160
15        android:largeScreens="true"
15-->src/main/AndroidManifest.xml:4:78-105
16        android:normalScreens="true"
16-->src/main/AndroidManifest.xml:4:49-77
17        android:smallScreens="true"
17-->src/main/AndroidManifest.xml:4:21-48
18        android:xlargeScreens="true" />
18-->src/main/AndroidManifest.xml:4:106-134
19
20    <uses-feature android:glEsVersion="0x00020000" />
20-->[:unityLibrary] AndroidManifest.xml:13:5-54
20-->[:unityLibrary] AndroidManifest.xml:13:19-51
21
22    <uses-permission android:name="android.permission.INTERNET" />
22-->[:unityLibrary] AndroidManifest.xml:15:5-67
22-->[:unityLibrary] AndroidManifest.xml:15:22-64
23
24    <uses-feature
24-->[:unityLibrary] AndroidManifest.xml:17:5-19:36
25        android:name="android.hardware.touchscreen"
25-->[:unityLibrary] AndroidManifest.xml:18:9-52
26        android:required="false" />
26-->[:unityLibrary] AndroidManifest.xml:19:9-33
27    <uses-feature
27-->[:unityLibrary] AndroidManifest.xml:20:5-22:36
28        android:name="android.hardware.touchscreen.multitouch"
28-->[:unityLibrary] AndroidManifest.xml:21:9-63
29        android:required="false" />
29-->[:unityLibrary] AndroidManifest.xml:22:9-33
30    <uses-feature
30-->[:unityLibrary] AndroidManifest.xml:23:5-25:36
31        android:name="android.hardware.touchscreen.multitouch.distinct"
31-->[:unityLibrary] AndroidManifest.xml:24:9-72
32        android:required="false" />
32-->[:unityLibrary] AndroidManifest.xml:25:9-33
33
34    <uses-permission android:name="android.permission.ACCESS_NETWORK_STATE" />
34-->[net.pubnative:hybid.sdk:2.3.4-development.4335] AndroidManifest.xml:11:5-79
34-->[net.pubnative:hybid.sdk:2.3.4-development.4335] AndroidManifest.xml:11:22-76
35    <uses-permission android:name="android.permission.ACCESS_WIFI_STATE" />
35-->[net.pubnative:hybid.omsdk:1.3.13] AndroidManifest.xml:12:5-76
35-->[net.pubnative:hybid.omsdk:1.3.13] AndroidManifest.xml:12:22-73
36
37    <application
37-->src/main/AndroidManifest.xml:5:3-154
38        android:appComponentFactory="androidx.core.app.CoreComponentFactory"
38-->[androidx.core:core:1.5.0-beta01] AndroidManifest.xml:24:18-86
39        android:banner="@drawable/app_banner"
39-->src/main/AndroidManifest.xml:5:114-151
40        android:debuggable="true"
41        android:extractNativeLibs="true"
41-->src/main/AndroidManifest.xml:5:16-48
42        android:icon="@mipmap/app_icon"
42-->src/main/AndroidManifest.xml:5:82-113
43        android:isGame="true"
43-->[:unityLibrary] AndroidManifest.xml:27:18-39
44        android:label="@string/app_name"
44-->src/main/AndroidManifest.xml:5:49-81
45        android:testOnly="true" >
46        <activity
46-->[:unityLibrary] AndroidManifest.xml:28:9-48:20
47            android:name="com.unity3d.player.UnityPlayerActivity"
47-->[:unityLibrary] AndroidManifest.xml:29:13-66
48            android:configChanges="mcc|mnc|locale|touchscreen|keyboard|keyboardHidden|navigation|orientation|screenLayout|uiMode|screenSize|smallestScreenSize|fontScale|layoutDirection|density"
48-->[:unityLibrary] AndroidManifest.xml:30:13-194
49            android:hardwareAccelerated="false"
49-->[:unityLibrary] AndroidManifest.xml:31:13-48
50            android:launchMode="singleTask"
50-->[:unityLibrary] AndroidManifest.xml:32:13-44
51            android:screenOrientation="fullSensor"
51-->[:unityLibrary] AndroidManifest.xml:33:13-51
52            android:theme="@style/UnityThemeSelector" >
52-->[:unityLibrary] AndroidManifest.xml:34:13-54
53            <intent-filter>
53-->[:unityLibrary] AndroidManifest.xml:35:13-40:29
54                <action android:name="android.intent.action.MAIN" />
54-->[:unityLibrary] AndroidManifest.xml:36:17-69
54-->[:unityLibrary] AndroidManifest.xml:36:25-66
55
56                <category android:name="android.intent.category.LAUNCHER" />
56-->[:unityLibrary] AndroidManifest.xml:38:17-77
56-->[:unityLibrary] AndroidManifest.xml:38:27-74
57                <category android:name="android.intent.category.LEANBACK_LAUNCHER" />
57-->[:unityLibrary] AndroidManifest.xml:39:17-86
57-->[:unityLibrary] AndroidManifest.xml:39:27-83
58            </intent-filter>
59
60            <meta-data
60-->[:unityLibrary] AndroidManifest.xml:42:13-44:40
61                android:name="unityplayer.UnityActivity"
61-->[:unityLibrary] AndroidManifest.xml:43:17-57
62                android:value="true" />
62-->[:unityLibrary] AndroidManifest.xml:44:17-37
63            <meta-data
63-->[:unityLibrary] AndroidManifest.xml:45:13-47:40
64                android:name="android.notch_support"
64-->[:unityLibrary] AndroidManifest.xml:46:17-53
65                android:value="true" />
65-->[:unityLibrary] AndroidManifest.xml:47:17-37
66        </activity>
67
68        <meta-data
68-->[:unityLibrary] AndroidManifest.xml:50:9-52:33
69            android:name="unity.splash-mode"
69-->[:unityLibrary] AndroidManifest.xml:51:13-45
70            android:value="0" />
70-->[:unityLibrary] AndroidManifest.xml:52:13-30
71        <meta-data
71-->[:unityLibrary] AndroidManifest.xml:53:9-55:36
72            android:name="unity.splash-enable"
72-->[:unityLibrary] AndroidManifest.xml:54:13-47
73            android:value="True" />
73-->[:unityLibrary] AndroidManifest.xml:55:13-33
74        <meta-data
74-->[:unityLibrary] AndroidManifest.xml:56:9-58:50
75            android:name="notch.config"
75-->[:unityLibrary] AndroidManifest.xml:57:13-40
76            android:value="portrait|landscape" />
76-->[:unityLibrary] AndroidManifest.xml:58:13-47
77        <meta-data
77-->[:unityLibrary] AndroidManifest.xml:59:9-61:68
78            android:name="unity.build-id"
78-->[:unityLibrary] AndroidManifest.xml:60:13-42
79            android:value="1ccd6788-2282-481b-ad0c-a2b80946b96c" />
79-->[:unityLibrary] AndroidManifest.xml:61:13-65
80
81        <activity android:name="net.pubnative.lite.sdk.consent.UserConsentActivity" />
81-->[net.pubnative:hybid.sdk:2.3.4-development.4335] AndroidManifest.xml:14:9-87
81-->[net.pubnative:hybid.sdk:2.3.4-development.4335] AndroidManifest.xml:14:19-84
82        <activity android:name="net.pubnative.lite.sdk.interstitial.activity.MraidInterstitialActivity" />
82-->[net.pubnative:hybid.sdk:2.3.4-development.4335] AndroidManifest.xml:15:9-107
82-->[net.pubnative:hybid.sdk:2.3.4-development.4335] AndroidManifest.xml:15:19-104
83        <activity android:name="net.pubnative.lite.sdk.interstitial.activity.VastInterstitialActivity" />
83-->[net.pubnative:hybid.sdk:2.3.4-development.4335] AndroidManifest.xml:16:9-106
83-->[net.pubnative:hybid.sdk:2.3.4-development.4335] AndroidManifest.xml:16:19-103
84        <activity android:name="net.pubnative.lite.sdk.rewarded.activity.VastRewardedActivity" />
84-->[net.pubnative:hybid.sdk:2.3.4-development.4335] AndroidManifest.xml:17:9-98
84-->[net.pubnative:hybid.sdk:2.3.4-development.4335] AndroidManifest.xml:17:19-95
85    </application>
86
87</manifest>